<?xml version="1.0" encoding="UTF-8"?>
<!-- Generated by org.testng.reporters.JUnitReportReporter -->
<testsuite hostname="CSCO-W-PF2S3YNB" failures="0" tests="3" name="com.runner.TestRunner" time="31.796" errors="0" timestamp="2021-12-22T17:20:15 IST" skipped="0">
  <testcase classname="com.runner.TestRunner" name="runScenario" time="0.011"/>
  <system-out/>
  <testcase classname="com.runner.TestRunner" name="runScenario" time="15.987"/>
  <system-out/>
  <testcase classname="com.runner.TestRunner" name="runScenario" time="15.798"/>
  <system-out/>
</testsuite> <!-- com.runner.TestRunner -->
