<?xml version="1.0" encoding="UTF-8"?>
<!-- Generated by org.testng.reporters.JUnitReportReporter -->
<testsuite skipped="0" hostname="CSCO-W-PF2S3YNB" name="com.runner.TestRunner" tests="3" failures="0" timestamp="2021-12-22T18:39:46 IST" time="34.198" errors="0">
  <testcase name="runScenario" time="16.091" classname="com.runner.TestRunner"/>
  <system-out/>
  <testcase name="runScenario" time="18.093" classname="com.runner.TestRunner"/>
  <system-out/>
  <testcase name="runScenario" time="0.014" classname="com.runner.TestRunner"/>
  <system-out/>
</testsuite> <!-- com.runner.TestRunner -->
